3707:
3.5
3.7
11021:
3.8
3.6
3.2
4601:
3.3
2.7
3.1
3.3
3.2
9903:
2.5
2.5
2.5
7581:
3.2
1737:
4.5
4.5
3.7
2.8
3.8
3.4
3.9
3.8
2328:
1.5
1.6
3.4
3.3
2.2
2.4
1.0
2.5
1.2
1.2
1.0
1.2
2.1
1.6
2.1
7750:
3.8
3.2
3.8
3.9
3.8
3.2
4.1
3.5
3.0
3.9
2.8
3.2
10886:
2.9
2.8
3.2
3.4
2.4
2.9
2.4
2.6
2.3
3.0
2.9
2.8
2.9
3.2
2.8
2.8
2.9
2.8
2.6
5435:
3.2
2.9
3.4
3.4
3.0
3.3
3.1
3.4
2.7
4.2
3.3
3.2
2.9
3.4
3.2
2.8
3.4
8931:
2.4
2.6
2.4
224:
3.8
3.7
3.3
3.5
3.9
3.7
3.7
4.4
3.2
3.5
4.2
3.5
3.2
4.2
2.7
3.7
4.4
4.2
7827:
4.1
3.8
2.5
3.3
4.4
8013:
2.9
2.9
7771:
2.9
3.2
2.3
3.0
2.9
2.9
3.2
3.0
2.8
16790:
3.1
3.4
2.9
4.0
14601:
2.7
3.1
4.3
3.8
3.3
3.9
3.9
4.4
3.6
4.0
4.1
4.6
4.2
4.4
4.3
4.1
3.5
3.7
3.9
3775:
2.8
3.7
3.7
2.0
3.7
9658:
4.0
3.7
3.7
3.9
3.7
3.7
4.2
16645:
3.7
3.7
3.9
3.3
3.7
10024:
3.7
3.1
13394:
3.4
3.8
3.3
4.1
3.3
3.4
14399:
3.6
3.6
3.0
3.0
3.4
3.1
3.3
3.1
3.1
3.6
3.4
3.0
2.4
2.6
3.4
7723:
4.1
4.3
12291:
1.7
1.7
2.4
2.9
5069:
3.5
3.5
3.7
2.7
3.2
11835:
2.6
6908:
3.7
4.0
3.7
3.4
3.2
3.2
2.9
3.6
3.0
2.9
3.1
3.3
3.5
3.8
3.7
3.5
1325:
3.6
3.5
3.5
3.2
3.5
10535:
3.1
3.8
4.7
1417:
1.5
1.3
1.5
7255:
3.4
3.3
3.3
3.3
7399:
4.3
3.2
3.3
3.1
3.5
3.5
2.6
3.6
3.6
4.4
3.4
3.4
4.0
4.2
4.3
2.9
4.3
3.5
3.6
15786:
3.3
3.7
3.6
3.4
3.3
4.6
3.3
3.9
4.1
3.4
3.3
3.5
4.0
4.1
3.3
11026:
4.6
4.4
4.3
3.6
4.6
4.2
4.3
3.6
4.8
3.8
4.4
4.0
3.8
4.5
3.6
4.5
4.3
4.3
14950:
2.3
3.0
3.1
2.3
10278:
3.9
3.7
3.5
4.0
3.5
3.5
3.0
3.3
3.1
3.1
3.6
3.1
4.0
2.8
12386:
3.5
3.6
4.2
4.2
3.3
3.3
16577:
3.0
11196:
3.5
3.3
6949:
3.1
3.5
3.5
4458:
3.3
3.3
2.2
10583:
3.0
3.1
3.5
3.4
13706:
2.8
2.5
2.5
2.9
2.9
2.8
3.6
2.9
2.5
14304:
3.1
3.3
3.0
3.2
3.6
3.0
3.1
3.2
4612:
2.4
3.4
2.4
3.7
3.1
3.1
3.3
3.1
3.0
3.1
2.5
2.7
3.1
2.7
3.0
2.7
3.0
2.9
3.2
2.7
514:
3.9
3.8
3.5
3.5
3.9
4.3
3.9
4.5
3.9
4.5
3.9
4.6
3.8
11995:
1.4
3.5
3.0
3.0
2.9
3.0
3.2
3.0
3.8
9503:
3.7
4.0
3.7
3.8
4.1
4.0
4.5
4.0
4.4
4.4
5.0
3.5
4.5
8737:
3.4
3.5
5540:
3.4
3.5
4.1
4.2
4.2
3.8
3.5
4.1
10243:
3.0
3.4
3.0
3.3
3.0
3.0
2.3
3.4
2.6
2.2
3.3
2.6
2.6
3.3
2.6
2.6
2.5
17526:
3.1
2408:
3.1
3.9
3.9
4.6
3.5
4.6
4.2
3.5
3.4
4.0
4.6
3.0
3.9
1667:
3.7
3.7
4.5
3.9
3.2
3.1
4.0
4.5
3.4
4.0
3.2
3.2
2.9
6360:
3.0
10994:
2.1
3.0
1.6
2.0
3.3
1.9
2.0
2.9
1833:
2.3
2.7
2.9
3.1
2.3
2.4
3.4
2.8
2.9
2.1
2.8
3189:
1.0
1.2
15304:
3.2
4.5
3.4
2.9
3.4
3.4
3.4
3.4
3.9
4.1
2.6
3.5
3.5
3.9
4.5
3.3
2.9
3.2
2.9
13123:
3.8
4.1
4.2
4.4
3.8
4.9
3.9
4.2
4.1
4.1
4.1
3155:
3.6
3.1
3.5
3.5
3.2
3.5
3.0
9273:
2.4
1.8
2.1
2.2
2.4
2.3
1.5
1.8
2.2
2.2
2.1
2.0
2.2
2.1
6322:
2.2
12926:
3.5
3.1
3.8
2.7
2.9
2.7
2.9
1528:
4.1
3.8
4.1
3.9
536:
1.8
2.1
3.0
2.1
2.1
1.8
3.2
3.2
7244:
3.4
6564:
3.6
3.4
4.2
4.4
4.3
3.7
3.5
4.3
3.7
3.2
4.3
11253:
3.6
3.3
4967:
2.2
7146:
2.6
2.1
3.1
2.6
2.9
2.1
1.6
2.6
4685:
2.4
2.6
3.1
13432:
3.2
3299:
3.9
3.7
3.4
4.2
2.5
3.8
3.9
3.7
4.0
3.9
3.6
3.6
3.3
4.2
2023:
4.1
3.2
2.9
2.2
5228:
3.2
4.3
3.1
13583:
3.4
3.4
3.2
4.2
3.9
3.4
13051:
3.8
4.7
3.9
4.0
4.0
3.7
4.3
4.7
4.8
4.7
4.0
4.1
4.1
3.7
3.5
14013:
3.2
3.7
4.0
3.5
3.2
3.0
3.6
4.0
3.4
3.0
3.3
3.3
2.9
15595:
2.9
3.5
1384:
4.1
4.3
2.8
3.7
3.5
2.8
3.6
3.7
3.9
6181:
1.6
1.6
11145:
2.8
3.6
5016:
3.8
3.8
3.9
4.0
16301:
1.7
2.0
1.3
2.0
2.0
1.7
2.4
1.7
12684:
3.8
3.0
2.7
3.8
3.8
4.6
10011:
4.4
4.4
17511:
3.3
3.3
3.3
3.3
3.4
15867:
2.5
3.7
3.7
3.1
3.1
2.9
2.5
2.7
2.9
2.5
3.6
9156:
3.1
4.2
3.6
4.1
3.7
3.6
3.8
3.6
4.0
3.7
4.0
3.1
3.8
3.5
3.3
4.4
3.6
3.7
15528:
3.0
12727:
2.9
14604:
2.2
2.2
1.6
9737:
3.0
3.0
11051:
3.6
3.8
3.6
3.9
4.1
4.1
3.9
2.9
6948:
2.9
3.7
3.4
2.8
2.9
2.8
3.0
2.0
2.0
2.9
3.3
4.0
14652:
3.8
3.3
3.3
2.7
2.7
2.9
9511:
2.4
2.8
2.6
3.4
2.9
3.3
3.2
3.1
3.1
3.2
3.5
2.6
3.5
3.1
3.3
3.0
2.9
3.3
15459:
2.0
1.7
1.9
2.1
1.7
14560:
3.8
3.6
3.0
3.4
3.6
3.4
3.0
3.8
3.8
3.8
3.4
9963:
2.6
3.4
3.0
3.4
3.0
2.6
3.0
3.0
8915:
2.8
3.9
4.1
4.1
3.9
4.6
4.5
4.1
3.8
3.6
3.1
2.9
3.8
4.1
3.8
4.2
4.2
7005:
3.6
3.6
2.8
2.0
2.5
3.4
2.3
2.0
2.8
16796:
3.9
3.8
3.4
3.6
3.8
4.2
3.6
4.1
4.5
4.6
3.8
4.2
3.6
14957:
1.4
2.1
1.0
2.1
2.1
2.0
1.4
2.1
2.1
2.0
2.0
2.2
1.1
2.1
1089:
3.7
2.7
3.4
4.1
3.7
4.6
4.1
3.1
3.0
3.8
3.4
4.2
4.0
3.9
3.7
2.8
7793:
3.5
3.8
3.4
4.5
4.3
3.5
3.7
4.5
4.1
3.6
3.5
3427:
3.2
3.0
10692:
3.6
3.9
4.1
3.5
4.2
3.8
4.1
4.2
4.0
3.5
3.5
3.5
3.9
3.5
4.2
4753:
2.4
2.8
8510:
3.1
2.7
2.3
3.1
2.7
3.3
2.7
3.1
2.4
3.2
2.3
2.3
2.7
2.4
5341:
4.6
6014:
3.3
3.1
2.5
3.2
3.0
3.6
2.4
3.7
3.2
4.1
3.2
4.4
2.2
2.7
3.5
3.8
3.5
7383:
3.3
2.9
3.3
2.7
2.9
1390:
2.9
4.0
4.0
3.3
4.4
3.3
4.0
4.4
4.4
13679:
3.9
3.7
3.7
4923:
2.0
2.8
2.0
3163:
3.9
4.0
4.3
4.0
3.8
5857:
3.4
2.6
3.4
240:
4.6
4.4
3.6
4.1
3.7
4.0
3.9
3.5
3.7
2.8
4.3
3.7
3.9
3.5
3.5
3.5
3.9
10131:
3.5
2.6
3.5
3.1
2.9
3.1
3.2
3.5
2.6
3.4
14343:
1.4
3.1
3.1
2.6
3.2
3.1
2.6
2.8
3.9
4.1
2582:
3.6
2.8
3.4
3.3
3.4
3.4
2.9
3.7
2.9
2.8
11987:
4.3
3.4
6659:
1.4
1.7
1.5
2.7
2.7
2.8
10403:
2.6
1.9
3.2
1.9
3.0
15673:
3.1
2.9
2.1
11455:
4.0
6974:
4.4
528:
2.3
3.5
2.3
2.7
2.3
3.1
3.0
2.6
3.6
2.2
2.6
2.5
2.9
2.7
3.7
2.9
3.0
RSME: 0.98
